{
  "stats": {
    "suites": 1,
    "tests": 5,
    "passes": 5,
    "pending": 0,
    "failures": 0,
    "start": "2023-09-04T12:55:25.892Z",
    "end": "2023-09-04T12:55:42.470Z",
    "duration": 16578,
    "testsRegistered": 5,
    "passPercent": 100,
    "pendingPercent": 0,
    "other": 0,
    "hasOther": false,
    "skipped": 0,
    "hasSkipped": false
  },
  "results": [
    {
      "uuid": "14d59d10-e2ab-48a9-96e9-ad82f3fb2528",
      "title": "",
      "fullFile": "D:\\Kerjaan\\Forest Technology Singapore\\automation-forest-technology\\test\\testcase.js",
      "file": "\\test\\testcase.js",
      "beforeHooks": [],
      "afterHooks": [],
      "tests": [],
      "suites": [
        {
          "uuid": "6713f34c-727b-4e27-8beb-f38430f7b861",
          "title": "careers page regression",
          "fullFile": "D:\\Kerjaan\\Forest Technology Singapore\\automation-forest-technology\\test\\testcase.js",
          "file": "\\test\\testcase.js",
          "beforeHooks": [
            {
              "title": "\"before all\" hook in \"careers page regression\"",
              "fullTitle": "careers page regression \"before all\" hook in \"careers page regression\"",
              "timedOut": false,
              "duration": 1149,
              "state": null,
              "speed": null,
              "pass": false,
              "fail": false,
              "pending": false,
              "context": null,
              "code": "driver = await new Builder().forBrowser(\"chrome\").build();\ncareerPage = new CareerPage(driver);\nawait driver.manage().window().maximize();",
              "err": {},
              "uuid": "e87a4c65-4a2a-4a3e-bc93-efd83cb9b05c",
              "parentUUID": "6713f34c-727b-4e27-8beb-f38430f7b861",
              "isHook": true,
              "skipped": false
            }
          ],
          "afterHooks": [
            {
              "title": "\"after all\" hook in \"careers page regression\"",
              "fullTitle": "careers page regression \"after all\" hook in \"careers page regression\"",
              "timedOut": false,
              "duration": 0,
              "state": null,
              "speed": null,
              "pass": false,
              "fail": false,
              "pending": false,
              "context": null,
              "code": "// await driver.quit();",
              "err": {},
              "uuid": "593d9dcd-da3e-4f3c-9ff4-b1d4ab05bd00",
              "parentUUID": "6713f34c-727b-4e27-8beb-f38430f7b861",
              "isHook": true,
              "skipped": false
            }
          ],
          "tests": [
            {
              "title": "successfully direct to careers page",
              "fullTitle": "careers page regression successfully direct to careers page",
              "timedOut": false,
              "duration": 2661,
              "state": "passed",
              "speed": "slow",
              "pass": true,
              "fail": false,
              "pending": false,
              "context": null,
              "code": "await careerPage.navigateToCareer();\n    await careerPage.waitForPageToLoadCareer();\n    const headerTexts = await careerPage.getHeaderText();\n    expect(headerTexts).to.include.members([\n        'Careers\\nat Forest Technologies',\n        'Innovate & Grow with Us',\n        'Our Members Testimonials',\n        'Available Vacancies'\n    ]);\n    const offerTexts = await careerPage.whatWeOffer();\n    expect(offerTexts).to.include.members([\n        'Career Growth',\n        'Collaborative Environment',\n        'Professional Development',\n        'Remote Working',\n        'Special Activities and Events',\n        'Competitive Salary'\n    ]);",
              "err": {},
              "uuid": "9d11bbd9-c046-4482-b5fd-b8401ba7e5a9",
              "parentUUID": "6713f34c-727b-4e27-8beb-f38430f7b861",
              "isHook": false,
              "skipped": false
            },
            {
              "title": "successfully navigate to homepage and go back",
              "fullTitle": "careers page regression successfully navigate to homepage and go back",
              "timedOut": false,
              "duration": 4457,
              "state": "passed",
              "speed": "slow",
              "pass": true,
              "fail": false,
              "pending": false,
              "context": null,
              "code": "await careerPage.clickNavbarLogo();\nawait careerPage.waitForPageToLoadHome();\nawait driver.navigate().back();\nawait careerPage.waitForPageToLoadCareer();",
              "err": {},
              "uuid": "59224b35-5851-463e-8600-50955034f714",
              "parentUUID": "6713f34c-727b-4e27-8beb-f38430f7b861",
              "isHook": false,
              "skipped": false
            },
            {
              "title": "successfully navigate to about us and go back",
              "fullTitle": "careers page regression successfully navigate to about us and go back",
              "timedOut": false,
              "duration": 8101,
              "state": "passed",
              "speed": "slow",
              "pass": true,
              "fail": false,
              "pending": false,
              "context": null,
              "code": "await careerPage.clickAboutUs();\nawait careerPage.waitForPageToLoadAboutUs();\nawait driver.navigate().back();\nawait careerPage.waitForPageToLoadCareer();",
              "err": {},
              "uuid": "13f83275-99bb-4f82-b83f-5499a6b242ce",
              "parentUUID": "6713f34c-727b-4e27-8beb-f38430f7b861",
              "isHook": false,
              "skipped": false
            },
            {
              "title": "successfully hover services element",
              "fullTitle": "careers page regression successfully hover services element",
              "timedOut": false,
              "duration": 136,
              "state": "passed",
              "speed": "slow",
              "pass": true,
              "fail": false,
              "pending": false,
              "context": null,
              "code": "await careerPage.hoverServices();",
              "err": {},
              "uuid": "b6afe6ff-4d57-43ee-a084-d268671109e6",
              "parentUUID": "6713f34c-727b-4e27-8beb-f38430f7b861",
              "isHook": false,
              "skipped": false
            },
            {
              "title": "successfully scroll down to available vacancies and verify footer",
              "fullTitle": "careers page regression successfully scroll down to available vacancies and verify footer",
              "timedOut": false,
              "duration": 68,
              "state": "passed",
              "speed": "medium",
              "pass": true,
              "fail": false,
              "pending": false,
              "context": null,
              "code": "await careerPage.scrolltoAvailableVacancies();\nawait careerPage.clickForestText();\nconst footerTexts = await careerPage.getFooterText();\nexpect(footerTexts).to.include.members([\n    'About',\n    'Tech for Hire',\n    'End-to-End Development'\n]);",
              "err": {},
              "uuid": "3a510e21-1d17-4094-ab32-2c88ba75b8e9",
              "parentUUID": "6713f34c-727b-4e27-8beb-f38430f7b861",
              "isHook": false,
              "skipped": false
            }
          ],
          "suites": [],
          "passes": [
            "9d11bbd9-c046-4482-b5fd-b8401ba7e5a9",
            "59224b35-5851-463e-8600-50955034f714",
            "13f83275-99bb-4f82-b83f-5499a6b242ce",
            "b6afe6ff-4d57-43ee-a084-d268671109e6",
            "3a510e21-1d17-4094-ab32-2c88ba75b8e9"
          ],
          "failures": [],
          "pending": [],
          "skipped": [],
          "duration": 15423,
          "root": false,
          "rootEmpty": false,
          "_timeout": 0
        }
      ],
      "passes": [],
      "failures": [],
      "pending": [],
      "skipped": [],
      "duration": 0,
      "root": true,
      "rootEmpty": true,
      "_timeout": 0
    }
  ],
  "meta": {
    "mocha": {
      "version": "10.2.0"
    },
    "mochawesome": {
      "options": {
        "quiet": false,
        "reportFilename": "mochawesome",
        "saveHtml": true,
        "saveJson": true,
        "consoleReporter": "spec",
        "useInlineDiffs": false,
        "code": true
      },
      "version": "7.1.3"
    },
    "marge": {
      "options": null,
      "version": "6.2.0"
    }
  }
}